<?xml version="1.0" encoding="UTF-8"?>
<!-- Generated by org.testng.reporters.JUnitReportReporter -->
<testsuite hostname="SHARAD" failures="0" tests="1" name="testNGTestRunner.TestRunner" time="140.486" errors="0" timestamp="2023-07-18T22:55:08 IST" skipped="0">
  <testcase classname="testNGTestRunner.TestRunner" name="runScenario" time="140.486"/>
  <system-out/>
</testsuite> <!-- testNGTestRunner.TestRunner -->
